<?xml version="1.0" encoding="utf-8"?><testsuites><testsuite name="pytest" errors="0" failures="5" skipped="0" tests="6" time="3.902" timestamp="2022-07-07T17:41:10.475391" hostname="DESKTOP-UCRF95V"><testcase classname="FYP.Test.test_patient.test_patient" name="test_listing_all_users" file="FYP\Test\test_patient.py" line="47" time="0.073"><failure message="NameError: name 'username' is not defined">self = &lt;test_patient.test_patient testMethod=test_listing_all_users&gt;

    def test_listing_all_users(self):
&gt;       self.assertTrue(self.login(username, password).status_code == 200)
E       NameError: name 'username' is not defined

FYP\Test\test_patient.py:49: NameError</failure><system-out>--------------------------------- Captured Log ---------------------------------

--------------------------------- Captured Out ---------------------------------

</system-out><system-err>--------------------------------- Captured Err ---------------------------------

</system-err></testcase><testcase classname="FYP.Test.test_patient.test_patient" name="test_login" file="FYP\Test\test_patient.py" line="37" time="0.050"><failure message="KeyError: 'logged_in'">self = &lt;test_patient.test_patient testMethod=test_login&gt;

    def test_login(self):
       with app.test_client() as client:
           #client.post('/Patient_Main', data=dict(username='s', password='s'))
           client.get('/Patient_Main', data=dict(username='s', password='s'))
           with client.session_transaction() as sess:
&gt;              self.assertTrue(sess['logged_in'] == True)

FYP\Test\test_patient.py:43: 
_ _ _ _ _ _ _ _ _ _ _ _ _ _ _ _ _ _ _ _ _ _ _ _ _ _ _ _ _ _ _ _ _ _ _ _ _ _ _ _

self = &lt;SecureCookieSession {}&gt;, key = 'logged_in'

    def __getitem__(self, key: str) -&gt; t.Any:
        self.accessed = True
&gt;       return super().__getitem__(key)
E       KeyError: 'logged_in'

C:\Program Files (x86)\Microsoft Visual Studio\Shared\Python39_64\lib\site-packages\flask\sessions.py:79: KeyError</failure><system-out>--------------------------------- Captured Log ---------------------------------

--------------------------------- Captured Out ---------------------------------

</system-out><system-err>--------------------------------- Captured Err ---------------------------------

</system-err></testcase><testcase classname="FYP.Test.test_patient.test_patient" name="test_pass_correct" file="FYP\Test\test_patient.py" line="77" time="0.026"><system-out>--------------------------------- Captured Log ---------------------------------

--------------------------------- Captured Out ---------------------------------

</system-out><system-err>--------------------------------- Captured Err ---------------------------------

</system-err></testcase><testcase classname="FYP.Test.test_patient.test_patient" name="test_pass_incorrect" file="FYP\Test\test_patient.py" line="85" time="0.033"><failure message="AssertionError: False is not true">self = &lt;test_patient.test_patient testMethod=test_pass_incorrect&gt;

    def test_pass_incorrect(self):
        tester = app.test_client(self)
        response = tester.post('/Patient_Main', data=dict(username = 'wenling', password='password'))
&gt;       self.assertTrue(b'wenling, password' in response.data)
E       AssertionError: False is not true

FYP\Test\test_patient.py:89: AssertionError</failure><system-out>--------------------------------- Captured Log ---------------------------------

--------------------------------- Captured Out ---------------------------------

</system-out><system-err>--------------------------------- Captured Err ---------------------------------

</system-err></testcase><testcase classname="FYP.Test.test_patient.test_patient" name="test_settings" file="FYP\Test\test_patient.py" line="69" time="0.021"><failure message="AssertionError: 404 != 200">self = &lt;test_patient.test_patient testMethod=test_settings&gt;

    def test_settings(self):
        with self.app as c:
            with c.session_transaction() as sess:
                sess['username'] = 'wenling'
                sess['logged_in'] = True
            response = c.get('/LoginController')
&gt;           self.assertEqual(response.status_code, 200)
E           AssertionError: 404 != 200

FYP\Test\test_patient.py:76: AssertionError</failure><system-out>--------------------------------- Captured Log ---------------------------------

--------------------------------- Captured Out ---------------------------------

</system-out><system-err>--------------------------------- Captured Err ---------------------------------

</system-err></testcase><testcase classname="FYP.Test.test_patient.test_patient" name="test_users_login" file="FYP\Test\test_patient.py" line="59" time="0.028"><failure message="AssertionError: b'wenling' not found in b'&lt;!doctype html&gt;\n&lt;html lang=en&gt;\n&lt;title&gt;404 Not Found&lt;/title&gt;\n&lt;h1&gt;Not Found&lt;/h1&gt;\n&lt;p&gt;The requested URL was not found on the server. If you entered the URL manually please check your spelling and try again.&lt;/p&gt;\n'">self = &lt;test_patient.test_patient testMethod=test_users_login&gt;

    def test_users_login(self):
        result = self.app.post('/LoginController', data=dict(username='wenling', password='password'), follow_redirects=True)
    
        # I want to check the HTML tag's text value data after logging in
        #self.assertIn(result.data.getTag("h1", b"Nicole") #What I imagined using &lt;h1&gt;
        #self.assertin(result.data.getId("userA", b"Nicole") #What I imagined using id
    
        #This returns true which is okay, because 'Nicole' exists in the whole page
&gt;       self.assertIn(b'wenling', result.data)
E       AssertionError: b'wenling' not found in b'&lt;!doctype html&gt;\n&lt;html lang=en&gt;\n&lt;title&gt;404 Not Found&lt;/title&gt;\n&lt;h1&gt;Not Found&lt;/h1&gt;\n&lt;p&gt;The requested URL was not found on the server. If you entered the URL manually please check your spelling and try again.&lt;/p&gt;\n'

FYP\Test\test_patient.py:68: AssertionError</failure><system-out>--------------------------------- Captured Log ---------------------------------

--------------------------------- Captured Out ---------------------------------

</system-out><system-err>--------------------------------- Captured Err ---------------------------------

</system-err></testcase></testsuite></testsuites>