<?xml version="1.0" encoding="utf-8"?><testsuites><testsuite name="pytest" errors="0" failures="6" skipped="0" tests="6" time="4.317" timestamp="2022-07-09T13:35:17.335893" hostname="DESKTOP-UCRF95V"><testcase classname="FYP.Test.test_patient.test_patient" name="test_admin_login_with_default_password" file="FYP\Test\test_patient.py" line="39" time="0.008"><failure message="AttributeError: 'Flask' object has no attribute 'app'">self = &lt;test_patient.test_patient testMethod=test_admin_login_with_default_password&gt;

    def setUp(self):
       self.app = Flask(__name__)
       app.config['SECRET_KEY'] = 'facial_recognition'
       app.config['MYSQL_HOST'] = 'localhost'
       app.config['MYSQL_USER'] = 'root'
       app.config['MYSQL_PASSWORD'] = ''
       app.config['MYSQL_DB'] = 'healthcare_db'
&gt;      app.app.config['TESTING'] = True
E      AttributeError: 'Flask' object has no attribute 'app'

FYP\Test\test_patient.py:17: AttributeError</failure><system-out>--------------------------------- Captured Log ---------------------------------

--------------------------------- Captured Out ---------------------------------

</system-out><system-err>--------------------------------- Captured Err ---------------------------------

</system-err></testcase><testcase classname="FYP.Test.test_patient.test_patient" name="test_index_login" file="FYP\Test\test_patient.py" line="46" time="0.025"><failure message="AttributeError: 'Flask' object has no attribute 'app'">self = &lt;test_patient.test_patient testMethod=test_index_login&gt;

    def setUp(self):
       self.app = Flask(__name__)
       app.config['SECRET_KEY'] = 'facial_recognition'
       app.config['MYSQL_HOST'] = 'localhost'
       app.config['MYSQL_USER'] = 'root'
       app.config['MYSQL_PASSWORD'] = ''
       app.config['MYSQL_DB'] = 'healthcare_db'
&gt;      app.app.config['TESTING'] = True
E      AttributeError: 'Flask' object has no attribute 'app'

FYP\Test\test_patient.py:17: AttributeError</failure><system-out>--------------------------------- Captured Log ---------------------------------

--------------------------------- Captured Out ---------------------------------

</system-out><system-err>--------------------------------- Captured Err ---------------------------------

</system-err></testcase><testcase classname="FYP.Test.test_patient.test_patient" name="test_login" file="FYP\Test\test_patient.py" line="29" time="0.006"><failure message="AttributeError: 'Flask' object has no attribute 'app'">self = &lt;test_patient.test_patient testMethod=test_login&gt;

    def setUp(self):
       self.app = Flask(__name__)
       app.config['SECRET_KEY'] = 'facial_recognition'
       app.config['MYSQL_HOST'] = 'localhost'
       app.config['MYSQL_USER'] = 'root'
       app.config['MYSQL_PASSWORD'] = ''
       app.config['MYSQL_DB'] = 'healthcare_db'
&gt;      app.app.config['TESTING'] = True
E      AttributeError: 'Flask' object has no attribute 'app'

FYP\Test\test_patient.py:17: AttributeError</failure><system-out>--------------------------------- Captured Log ---------------------------------

--------------------------------- Captured Out ---------------------------------

</system-out><system-err>--------------------------------- Captured Err ---------------------------------

</system-err></testcase><testcase classname="FYP.Test.test_patient.test_patient" name="test_pass_correct" file="FYP\Test\test_patient.py" line="77" time="0.005"><failure message="AttributeError: 'Flask' object has no attribute 'app'">self = &lt;test_patient.test_patient testMethod=test_pass_correct&gt;

    def setUp(self):
       self.app = Flask(__name__)
       app.config['SECRET_KEY'] = 'facial_recognition'
       app.config['MYSQL_HOST'] = 'localhost'
       app.config['MYSQL_USER'] = 'root'
       app.config['MYSQL_PASSWORD'] = ''
       app.config['MYSQL_DB'] = 'healthcare_db'
&gt;      app.app.config['TESTING'] = True
E      AttributeError: 'Flask' object has no attribute 'app'

FYP\Test\test_patient.py:17: AttributeError</failure><system-out>--------------------------------- Captured Log ---------------------------------

--------------------------------- Captured Out ---------------------------------

</system-out><system-err>--------------------------------- Captured Err ---------------------------------

</system-err></testcase><testcase classname="FYP.Test.test_patient.test_patient" name="test_pass_incorrect" file="FYP\Test\test_patient.py" line="85" time="0.012"><failure message="AttributeError: 'Flask' object has no attribute 'app'">self = &lt;test_patient.test_patient testMethod=test_pass_incorrect&gt;

    def setUp(self):
       self.app = Flask(__name__)
       app.config['SECRET_KEY'] = 'facial_recognition'
       app.config['MYSQL_HOST'] = 'localhost'
       app.config['MYSQL_USER'] = 'root'
       app.config['MYSQL_PASSWORD'] = ''
       app.config['MYSQL_DB'] = 'healthcare_db'
&gt;      app.app.config['TESTING'] = True
E      AttributeError: 'Flask' object has no attribute 'app'

FYP\Test\test_patient.py:17: AttributeError</failure><system-out>--------------------------------- Captured Log ---------------------------------

--------------------------------- Captured Out ---------------------------------

</system-out><system-err>--------------------------------- Captured Err ---------------------------------

</system-err></testcase><testcase classname="FYP.Test.test_patient.test_patient" name="test_users_login" file="FYP\Test\test_patient.py" line="62" time="0.010"><failure message="AttributeError: 'Flask' object has no attribute 'app'">self = &lt;test_patient.test_patient testMethod=test_users_login&gt;

    def setUp(self):
       self.app = Flask(__name__)
       app.config['SECRET_KEY'] = 'facial_recognition'
       app.config['MYSQL_HOST'] = 'localhost'
       app.config['MYSQL_USER'] = 'root'
       app.config['MYSQL_PASSWORD'] = ''
       app.config['MYSQL_DB'] = 'healthcare_db'
&gt;      app.app.config['TESTING'] = True
E      AttributeError: 'Flask' object has no attribute 'app'

FYP\Test\test_patient.py:17: AttributeError</failure><system-out>--------------------------------- Captured Log ---------------------------------

--------------------------------- Captured Out ---------------------------------

</system-out><system-err>--------------------------------- Captured Err ---------------------------------

</system-err></testcase></testsuite></testsuites>