<?xml version="1.0" encoding="utf-8"?><testsuites><testsuite name="pytest" errors="0" failures="10" skipped="0" tests="10" time="2.419" timestamp="2022-07-20T15:52:15.666786" hostname="DESKTOP-UCRF95V"><testcase classname="FYP.Test.test_patient.test_patient" name="test_admin_login_with_default_password" file="FYP\Test\test_patient.py" line="60" time="0.018"><failure message="AttributeError: 'Flask' object has no attribute 'app'">self = &lt;test_patient.test_patient testMethod=test_admin_login_with_default_password&gt;

    def setUp(self):
       self.app = Flask(__name__)
       app.config['SECRET_KEY'] = 'facial_recognition'
       app.config['MYSQL_HOST'] = 'localhost'
       app.config['MYSQL_USER'] = 'root'
       app.config['MYSQL_PASSWORD'] = ''
       app.config['MYSQL_DB'] = 'healthcare_db'
       app.config['TESTING'] = True
       app.config['LOGIN_DISABLED'] = False
&gt;      self.db_fd, app.app.config['DATABASE'] = tempfile.mkstemp()
E      AttributeError: 'Flask' object has no attribute 'app'

FYP\Test\test_patient.py:31: AttributeError</failure><system-out>--------------------------------- Captured Log ---------------------------------

--------------------------------- Captured Out ---------------------------------

</system-out><system-err>--------------------------------- Captured Err ---------------------------------

</system-err></testcase><testcase classname="FYP.Test.test_patient.test_patient" name="test_database" file="FYP\Test\test_patient.py" line="110" time="0.005"><failure message="AttributeError: 'Flask' object has no attribute 'app'">self = &lt;test_patient.test_patient testMethod=test_database&gt;

    def setUp(self):
       self.app = Flask(__name__)
       app.config['SECRET_KEY'] = 'facial_recognition'
       app.config['MYSQL_HOST'] = 'localhost'
       app.config['MYSQL_USER'] = 'root'
       app.config['MYSQL_PASSWORD'] = ''
       app.config['MYSQL_DB'] = 'healthcare_db'
       app.config['TESTING'] = True
       app.config['LOGIN_DISABLED'] = False
&gt;      self.db_fd, app.app.config['DATABASE'] = tempfile.mkstemp()
E      AttributeError: 'Flask' object has no attribute 'app'

FYP\Test\test_patient.py:31: AttributeError</failure><system-out>--------------------------------- Captured Log ---------------------------------

--------------------------------- Captured Out ---------------------------------

</system-out><system-err>--------------------------------- Captured Err ---------------------------------

</system-err></testcase><testcase classname="FYP.Test.test_patient.test_patient" name="test_dummy" file="FYP\Test\test_patient.py" line="83" time="0.005"><failure message="AttributeError: 'Flask' object has no attribute 'app'">self = &lt;test_patient.test_patient testMethod=test_dummy&gt;

    def setUp(self):
       self.app = Flask(__name__)
       app.config['SECRET_KEY'] = 'facial_recognition'
       app.config['MYSQL_HOST'] = 'localhost'
       app.config['MYSQL_USER'] = 'root'
       app.config['MYSQL_PASSWORD'] = ''
       app.config['MYSQL_DB'] = 'healthcare_db'
       app.config['TESTING'] = True
       app.config['LOGIN_DISABLED'] = False
&gt;      self.db_fd, app.app.config['DATABASE'] = tempfile.mkstemp()
E      AttributeError: 'Flask' object has no attribute 'app'

FYP\Test\test_patient.py:31: AttributeError</failure><system-out>--------------------------------- Captured Log ---------------------------------

--------------------------------- Captured Out ---------------------------------

</system-out><system-err>--------------------------------- Captured Err ---------------------------------

</system-err></testcase><testcase classname="FYP.Test.test_patient.test_patient" name="test_index_login" file="FYP\Test\test_patient.py" line="67" time="0.004"><failure message="AttributeError: 'Flask' object has no attribute 'app'">self = &lt;test_patient.test_patient testMethod=test_index_login&gt;

    def setUp(self):
       self.app = Flask(__name__)
       app.config['SECRET_KEY'] = 'facial_recognition'
       app.config['MYSQL_HOST'] = 'localhost'
       app.config['MYSQL_USER'] = 'root'
       app.config['MYSQL_PASSWORD'] = ''
       app.config['MYSQL_DB'] = 'healthcare_db'
       app.config['TESTING'] = True
       app.config['LOGIN_DISABLED'] = False
&gt;      self.db_fd, app.app.config['DATABASE'] = tempfile.mkstemp()
E      AttributeError: 'Flask' object has no attribute 'app'

FYP\Test\test_patient.py:31: AttributeError</failure><system-out>--------------------------------- Captured Log ---------------------------------

--------------------------------- Captured Out ---------------------------------

</system-out><system-err>--------------------------------- Captured Err ---------------------------------

</system-err></testcase><testcase classname="FYP.Test.test_patient.test_patient" name="test_login" file="FYP\Test\test_patient.py" line="42" time="0.005"><failure message="AttributeError: 'Flask' object has no attribute 'app'">self = &lt;test_patient.test_patient testMethod=test_login&gt;

    def setUp(self):
       self.app = Flask(__name__)
       app.config['SECRET_KEY'] = 'facial_recognition'
       app.config['MYSQL_HOST'] = 'localhost'
       app.config['MYSQL_USER'] = 'root'
       app.config['MYSQL_PASSWORD'] = ''
       app.config['MYSQL_DB'] = 'healthcare_db'
       app.config['TESTING'] = True
       app.config['LOGIN_DISABLED'] = False
&gt;      self.db_fd, app.app.config['DATABASE'] = tempfile.mkstemp()
E      AttributeError: 'Flask' object has no attribute 'app'

FYP\Test\test_patient.py:31: AttributeError</failure><system-out>--------------------------------- Captured Log ---------------------------------

--------------------------------- Captured Out ---------------------------------

</system-out><system-err>--------------------------------- Captured Err ---------------------------------

</system-err></testcase><testcase classname="FYP.Test.test_patient.test_patient" name="test_login_v1" file="FYP\Test\test_patient.py" line="49" time="0.005"><failure message="AttributeError: 'Flask' object has no attribute 'app'">self = &lt;test_patient.test_patient testMethod=test_login_v1&gt;

    def setUp(self):
       self.app = Flask(__name__)
       app.config['SECRET_KEY'] = 'facial_recognition'
       app.config['MYSQL_HOST'] = 'localhost'
       app.config['MYSQL_USER'] = 'root'
       app.config['MYSQL_PASSWORD'] = ''
       app.config['MYSQL_DB'] = 'healthcare_db'
       app.config['TESTING'] = True
       app.config['LOGIN_DISABLED'] = False
&gt;      self.db_fd, app.app.config['DATABASE'] = tempfile.mkstemp()
E      AttributeError: 'Flask' object has no attribute 'app'

FYP\Test\test_patient.py:31: AttributeError</failure><system-out>--------------------------------- Captured Log ---------------------------------

--------------------------------- Captured Out ---------------------------------

</system-out><system-err>--------------------------------- Captured Err ---------------------------------

</system-err></testcase><testcase classname="FYP.Test.test_patient.test_patient" name="test_pass_correct" file="FYP\Test\test_patient.py" line="101" time="0.011"><failure message="AttributeError: 'Flask' object has no attribute 'app'">self = &lt;test_patient.test_patient testMethod=test_pass_correct&gt;

    def setUp(self):
       self.app = Flask(__name__)
       app.config['SECRET_KEY'] = 'facial_recognition'
       app.config['MYSQL_HOST'] = 'localhost'
       app.config['MYSQL_USER'] = 'root'
       app.config['MYSQL_PASSWORD'] = ''
       app.config['MYSQL_DB'] = 'healthcare_db'
       app.config['TESTING'] = True
       app.config['LOGIN_DISABLED'] = False
&gt;      self.db_fd, app.app.config['DATABASE'] = tempfile.mkstemp()
E      AttributeError: 'Flask' object has no attribute 'app'

FYP\Test\test_patient.py:31: AttributeError</failure><system-out>--------------------------------- Captured Log ---------------------------------

--------------------------------- Captured Out ---------------------------------

</system-out><system-err>--------------------------------- Captured Err ---------------------------------

</system-err></testcase><testcase classname="FYP.Test.test_patient.test_patient" name="test_pass_incorrect" file="FYP\Test\test_patient.py" line="105" time="0.008"><failure message="AttributeError: 'Flask' object has no attribute 'app'">self = &lt;test_patient.test_patient testMethod=test_pass_incorrect&gt;

    def setUp(self):
       self.app = Flask(__name__)
       app.config['SECRET_KEY'] = 'facial_recognition'
       app.config['MYSQL_HOST'] = 'localhost'
       app.config['MYSQL_USER'] = 'root'
       app.config['MYSQL_PASSWORD'] = ''
       app.config['MYSQL_DB'] = 'healthcare_db'
       app.config['TESTING'] = True
       app.config['LOGIN_DISABLED'] = False
&gt;      self.db_fd, app.app.config['DATABASE'] = tempfile.mkstemp()
E      AttributeError: 'Flask' object has no attribute 'app'

FYP\Test\test_patient.py:31: AttributeError</failure><system-out>--------------------------------- Captured Log ---------------------------------

--------------------------------- Captured Out ---------------------------------

</system-out><system-err>--------------------------------- Captured Err ---------------------------------

</system-err></testcase><testcase classname="FYP.Test.test_patient.test_patient" name="test_test" file="FYP\Test\test_patient.py" line="56" time="0.013"><failure message="AttributeError: 'Flask' object has no attribute 'app'">self = &lt;test_patient.test_patient testMethod=test_test&gt;

    def setUp(self):
       self.app = Flask(__name__)
       app.config['SECRET_KEY'] = 'facial_recognition'
       app.config['MYSQL_HOST'] = 'localhost'
       app.config['MYSQL_USER'] = 'root'
       app.config['MYSQL_PASSWORD'] = ''
       app.config['MYSQL_DB'] = 'healthcare_db'
       app.config['TESTING'] = True
       app.config['LOGIN_DISABLED'] = False
&gt;      self.db_fd, app.app.config['DATABASE'] = tempfile.mkstemp()
E      AttributeError: 'Flask' object has no attribute 'app'

FYP\Test\test_patient.py:31: AttributeError</failure><system-out>--------------------------------- Captured Log ---------------------------------

--------------------------------- Captured Out ---------------------------------

</system-out><system-err>--------------------------------- Captured Err ---------------------------------

</system-err></testcase><testcase classname="FYP.Test.test_patient.test_patient" name="test_users_login" file="FYP\Test\test_patient.py" line="86" time="0.005"><failure message="AttributeError: 'Flask' object has no attribute 'app'">self = &lt;test_patient.test_patient testMethod=test_users_login&gt;

    def setUp(self):
       self.app = Flask(__name__)
       app.config['SECRET_KEY'] = 'facial_recognition'
       app.config['MYSQL_HOST'] = 'localhost'
       app.config['MYSQL_USER'] = 'root'
       app.config['MYSQL_PASSWORD'] = ''
       app.config['MYSQL_DB'] = 'healthcare_db'
       app.config['TESTING'] = True
       app.config['LOGIN_DISABLED'] = False
&gt;      self.db_fd, app.app.config['DATABASE'] = tempfile.mkstemp()
E      AttributeError: 'Flask' object has no attribute 'app'

FYP\Test\test_patient.py:31: AttributeError</failure><system-out>--------------------------------- Captured Log ---------------------------------

--------------------------------- Captured Out ---------------------------------

</system-out><system-err>--------------------------------- Captured Err ---------------------------------

</system-err></testcase></testsuite></testsuites>