<?xml version="1.0" encoding="utf-8"?><testsuites><testsuite name="pytest" errors="0" failures="1" skipped="0" tests="1" time="0.817" timestamp="2022-07-05T18:41:41.492962" hostname="DESKTOP-UCRF95V"><testcase classname="FYP.Test.test_Patient.test_patient" name="test_Login" file="FYP\Test\test_Patient.py" line="20" time="0.025"><failure message="NameError: name 'Flask' is not defined">self = &lt;test_Patient.test_patient testMethod=test_Login&gt;

    def setUp(self):
&gt;      self.app = Flask(__name__)
E      NameError: name 'Flask' is not defined

FYP\Test\test_Patient.py:16: NameError</failure><system-out>--------------------------------- Captured Log ---------------------------------

--------------------------------- Captured Out ---------------------------------

</system-out><system-err>--------------------------------- Captured Err ---------------------------------

</system-err></testcase></testsuite></testsuites>