<?xml version="1.0" encoding="utf-8"?><testsuites><testsuite name="pytest" errors="0" failures="1" skipped="0" tests="1" time="2.210" timestamp="2022-07-05T20:31:02.339409" hostname="DESKTOP-UCRF95V"><testcase classname="FYP.Test.test_Patient.test_patient" name="test_Login" file="FYP\Test\test_Patient.py" line="28" time="0.026"><failure message="NameError: name 'app' is not defined">self = &lt;test_Patient.test_patient testMethod=test_Login&gt;

    def setUp(self):
       self.app = Flask(__name__)
&gt;      app.secret_key = 'facial_recognition'
E      NameError: name 'app' is not defined

FYP\Test\test_Patient.py:17: NameError</failure><system-out>--------------------------------- Captured Log ---------------------------------

--------------------------------- Captured Out ---------------------------------

</system-out><system-err>--------------------------------- Captured Err ---------------------------------

</system-err></testcase></testsuite></testsuites>